<?xml version="1.0" encoding="UTF-8"?>
<testng-results ignored="0" total="1" passed="1" failed="0" skipped="0">
  <reporter-output>
  </reporter-output>
  <suite started-at="2024-03-25T22:05:44 IST" name="Puls Survery Platform Android Application" finished-at="2024-03-25T22:05:57 IST" duration-ms="12506">
    <groups>
    </groups>
    <test started-at="2024-03-25T22:05:44 IST" name="App Lunch" finished-at="2024-03-25T22:05:57 IST" duration-ms="12506">
      <class name="PlusSurvey_Mobile_Application.PlusSurvey_Mobile_Application.lunch_app">
        <test-method is-config="true" signature="extendsReportsInstantiation(org.testng.ITestContext)[pri:0, instance:PlusSurvey_Mobile_Application.PlusSurvey_Mobile_Application.lunch_app@49e5f737]" started-at="2024-03-25T22:05:44 IST" name="extendsReportsInstantiation" finished-at="2024-03-25T22:05:44 IST" duration-ms="257" status="PASS">
          <params>
            <param index="0">
              <value>
                <![CDATA[org.testng.TestRunner@5ad5be4a]]>
              </value>
            </param>
          </params>
          <reporter-output>
          </reporter-output>
        </test-method> <!-- extendsReportsInstantiation -->
        <test-method is-config="true" signature="AppInstantiation(org.testng.ITestContext)[pri:0, instance:PlusSurvey_Mobile_Application.PlusSurvey_Mobile_Application.lunch_app@49e5f737]" started-at="2024-03-25T22:05:44 IST" name="AppInstantiation" finished-at="2024-03-25T22:05:55 IST" duration-ms="11048" status="PASS">
          <params>
            <param index="0">
              <value>
                <![CDATA[org.testng.TestRunner@5ad5be4a]]>
              </value>
            </param>
          </params>
          <reporter-output>
          </reporter-output>
        </test-method> <!-- AppInstantiation -->
        <test-method signature="name()[pri:0, instance:PlusSurvey_Mobile_Application.PlusSurvey_Mobile_Application.lunch_app@49e5f737]" started-at="2024-03-25T22:05:55 IST" name="name" finished-at="2024-03-25T22:05:55 IST" duration-ms="5" status="PASS">
          <reporter-output>
          </reporter-output>
        </test-method> <!-- name -->
        <test-method is-config="true" signature="checkStatus(org.testng.ITestResult,java.lang.reflect.Method)[pri:0, instance:PlusSurvey_Mobile_Application.PlusSurvey_Mobile_Application.lunch_app@49e5f737]" started-at="2024-03-25T22:05:55 IST" name="checkStatus" finished-at="2024-03-25T22:05:57 IST" duration-ms="1424" status="PASS">
          <params>
            <param index="0">
              <value>
                <![CDATA[[TestResult name=name status=SUCCESS method=lunch_app.name()[pri:0, instance:PlusSurvey_Mobile_Application.PlusSurvey_Mobile_Application.lunch_app@49e5f737] output={null}]]]>
              </value>
            </param>
            <param index="1">
              <value>
                <![CDATA[public static void PlusSurvey_Mobile_Application.PlusSurvey_Mobile_Application.lunch_app.name()]]>
              </value>
            </param>
          </params>
          <reporter-output>
          </reporter-output>
        </test-method> <!-- checkStatus -->
        <test-method is-config="true" signature="closeApp()[pri:0, instance:PlusSurvey_Mobile_Application.PlusSurvey_Mobile_Application.lunch_app@49e5f737]" started-at="2024-03-25T22:05:57 IST" name="closeApp" finished-at="2024-03-25T22:05:57 IST" duration-ms="1" status="PASS">
          <reporter-output>
          </reporter-output>
        </test-method> <!-- closeApp -->
        <test-method is-config="true" signature="generateExtentReports()[pri:0, instance:PlusSurvey_Mobile_Application.PlusSurvey_Mobile_Application.lunch_app@49e5f737]" started-at="2024-03-25T22:05:57 IST" name="generateExtentReports" finished-at="2024-03-25T22:05:57 IST" duration-ms="290" status="PASS">
          <reporter-output>
          </reporter-output>
        </test-method> <!-- generateExtentReports -->
      </class> <!-- PlusSurvey_Mobile_Application.PlusSurvey_Mobile_Application.lunch_app -->
    </test> <!-- App Lunch -->
  </suite> <!-- Puls Survery Platform Android Application -->
</testng-results>
